<?xml version="1.0" encoding="UTF-8"?>
<testsuite xmlns:xsi="http://www.w3.org/2001/XMLSchema-instance" xsi:noNamespaceSchemaLocation="https://maven.apache.org/surefire/maven-surefire-plugin/xsd/surefire-test-report-3.0.xsd" version="3.0" name="com.jobpulse.JobPulseIntegrationTest" time="14.543" tests="1" errors="0" skipped="0" failures="0">
  <properties>
[...]
</properties>
  <testcase name="testEndToEndRecruitmentFlow" classname="com.jobpulse.JobPulseIntegrationTest" time="2.553">
    <system-out><![CDATA[21:47:14.575 [main] INFO org.springframework.test.context.support.AnnotationConfigContextLoaderUtils -- Could not detect default configuration classes for test class [com.jobpulse.JobPulseIntegrationTest]: JobPulseIntegrationTest does not declare any static, non-private, non-final, nested classes annotated with @Configuration.
21:47:14.859 [main] INFO org.springframework.boot.test.context.SpringBootTestContextBootstrapper -- Found @SpringBootConfiguration com.jobpulse.JobPulseApplication for test class com.jobpulse.JobPulseIntegrationTest

  .   ____          _            __ _ _
 /\\ / ___'_ __ _ _(_)_ __  __ _ \ \ \ \
( ( )\___ | '_ | '_| | '_ \/ _` | \ \ \ \
 \\/  ___)| |_)| | | | | || (_| |  ) ) ) )
  '  |____| .__|_| |_|_| |_\__, | / / / /
 =========|_|==============|___/=/_/_/_/

 :: Spring Boot ::                (v3.3.2)

2026-07-26T21:47:15.961+05:30  INFO 29896 --- [jobpulse-backend-test] [           main] com.jobpulse.JobPulseIntegrationTest     : Starting JobPulseIntegrationTest using Java 17.0.18 with PID 29896 (started by rkumar72 in C:\Users\rkumar72\Downloads\startup2)
2026-07-26T21:47:15.971+05:30 DEBUG 29896 --- [jobpulse-backend-test] [           main] com.jobpulse.JobPulseIntegrationTest     : Running with Spring Boot v3.3.2, Spring v6.1.11
2026-07-26T21:47:15.972+05:30  INFO 29896 --- [jobpulse-backend-test] [           main] com.jobpulse.JobPulseIntegrationTest     : The following 1 profile is active: "test"
2026-07-26T21:47:17.911+05:30  INFO 29896 --- [jobpulse-backend-test] [           main] .s.d.r.c.RepositoryConfigurationDelegate : Bootstrapping Spring Data JPA repositories in DEFAULT mode.
2026-07-26T21:47:18.103+05:30  INFO 29896 --- [jobpulse-backend-test] [           main] .s.d.r.c.RepositoryConfigurationDelegate : Finished Spring Data repository scanning in 170 ms. Found 6 JPA repository interfaces.
2026-07-26T21:47:19.570+05:30  INFO 29896 --- [jobpulse-backend-test] [           main] o.hibernate.jpa.internal.util.LogHelper  : HHH000204: Processing PersistenceUnitInfo [name: default]
2026-07-26T21:47:19.767+05:30  INFO 29896 --- [jobpulse-backend-test] [           main] org.hibernate.Version                    : HHH000412: Hibernate ORM core version 6.5.2.Final
2026-07-26T21:47:19.878+05:30  INFO 29896 --- [jobpulse-backend-test] [           main] o.h.c.internal.RegionFactoryInitiator    : HHH000026: Second-level cache disabled
2026-07-26T21:47:20.246+05:30  INFO 29896 --- [jobpulse-backend-test] [           main] o.s.o.j.p.SpringPersistenceUnitInfo      : No LoadTimeWeaver setup: ignoring JPA class transformer
2026-07-26T21:47:20.337+05:30  INFO 29896 --- [jobpulse-backend-test] [           main] com.zaxxer.hikari.HikariDataSource       : HikariPool-1 - Starting...
2026-07-26T21:47:20.755+05:30  INFO 29896 --- [jobpulse-backend-test] [           main] com.zaxxer.hikari.pool.HikariPool        : HikariPool-1 - Added connection conn0: url=jdbc:h2:mem:jobpulse_test_db user=SA
2026-07-26T21:47:20.755+05:30  INFO 29896 --- [jobpulse-backend-test] [           main] com.zaxxer.hikari.HikariDataSource       : HikariPool-1 - Start completed.
2026-07-26T21:47:20.808+05:30  WARN 29896 --- [jobpulse-backend-test] [           main] org.hibernate.orm.deprecation            : HHH90000025: H2Dialect does not need to be specified explicitly using 'hibernate.dialect' (remove the property setting and it will be selected by default)
2026-07-26T21:47:22.416+05:30  INFO 29896 --- [jobpulse-backend-test] [           main] o.h.e.t.j.p.i.JtaPlatformInitiator       : HHH000489: No JTA platform available (set 'hibernate.transaction.jta.platform' to enable JTA platform integration)
2026-07-26T21:47:22.447+05:30 DEBUG 29896 --- [jobpulse-backend-test] [           main] org.hibernate.SQL                        : 
    drop table if exists applications cascade 
2026-07-26T21:47:22.447+05:30 DEBUG 29896 --- [jobpulse-backend-test] [           main] org.hibernate.SQL                        : 
    drop table if exists candidate_profile cascade 
2026-07-26T21:47:22.447+05:30 DEBUG 29896 --- [jobpulse-backend-test] [           main] org.hibernate.SQL                        : 
    drop table if exists candidate_skills cascade 
2026-07-26T21:47:22.447+05:30 DEBUG 29896 --- [jobpulse-backend-test] [           main] org.hibernate.SQL                        : 
    drop table if exists companies cascade 
2026-07-26T21:47:22.447+05:30 DEBUG 29896 --- [jobpulse-backend-test] [           main] org.hibernate.SQL                        : 
    drop table if exists job_skills cascade 
2026-07-26T21:47:22.447+05:30 DEBUG 29896 --- [jobpulse-backend-test] [           main] org.hibernate.SQL                        : 
    drop table if exists jobs cascade 
2026-07-26T21:47:22.447+05:30 DEBUG 29896 --- [jobpulse-backend-test] [           main] org.hibernate.SQL                        : 
    drop table if exists skills cascade 
2026-07-26T21:47:22.447+05:30 DEBUG 29896 --- [jobpulse-backend-test] [           main] org.hibernate.SQL                        : 
    drop table if exists users cascade 
2026-07-26T21:47:22.463+05:30 DEBUG 29896 --- [jobpulse-backend-test] [           main] org.hibernate.SQL                        : 
    create table applications (
        ats_score float(53) not null,
        applied_at timestamp(6) not null,
        candidate_id bigint not null,
        id bigint generated by default as identity,
        job_id bigint not null,
        status enum ('ACCEPTED','APPLIED','REJECTED','REVIEWED') not null,
        primary key (id),
        constraint unique_job_candidate unique (job_id, candidate_id)
    )
2026-07-26T21:47:22.483+05:30 DEBUG 29896 --- [jobpulse-backend-test] [           main] org.hibernate.SQL                        : 
    create table candidate_profile (
        experience integer not null,
        id bigint generated by default as identity,
        user_id bigint not null unique,
        location varchar(255),
        resume_url varchar(255),
        primary key (id)
    )
2026-07-26T21:47:22.485+05:30 DEBUG 29896 --- [jobpulse-backend-test] [           main] org.hibernate.SQL                        : 
    create table candidate_skills (
        candidate_id bigint not null,
        skill_id bigint not null,
        primary key (candidate_id, skill_id)
    )
2026-07-26T21:47:22.487+05:30 DEBUG 29896 --- [jobpulse-backend-test] [           main] org.hibernate.SQL                        : 
    create table companies (
        id bigint generated by default as identity,
        name varchar(255) not null,
        website varchar(255),
        primary key (id)
    )
2026-07-26T21:47:22.488+05:30 DEBUG 29896 --- [jobpulse-backend-test] [           main] org.hibernate.SQL                        : 
    create table job_skills (
        job_id bigint not null,
        skill_id bigint not null,
        primary key (job_id, skill_id)
    )
2026-07-26T21:47:22.490+05:30 DEBUG 29896 --- [jobpulse-backend-test] [           main] org.hibernate.SQL                        : 
    create table jobs (
        experience integer not null,
        salary numeric(15,2),
        company_id bigint not null,
        created_at timestamp(6) not null,
        id bigint generated by default as identity,
        description TEXT not null,
        location varchar(255) not null,
        title varchar(255) not null,
        status enum ('ACTIVE','INACTIVE') not null,
        primary key (id)
    )
2026-07-26T21:47:22.491+05:30 DEBUG 29896 --- [jobpulse-backend-test] [           main] org.hibernate.SQL                        : 
    create table skills (
        id bigint generated by default as identity,
        name varchar(255) not null unique,
        primary key (id)
    )
2026-07-26T21:47:22.493+05:30 DEBUG 29896 --- [jobpulse-backend-test] [           main] org.hibernate.SQL                        : 
    create table users (
        created_at timestamp(6) not null,
        id bigint generated by default as identity,
        email varchar(255) not null unique,
        name varchar(255) not null,
        password varchar(255) not null,
        role enum ('ADMIN','CANDIDATE','RECRUITER') not null,
        primary key (id)
    )
2026-07-26T21:47:22.495+05:30 DEBUG 29896 --- [jobpulse-backend-test] [           main] org.hibernate.SQL                        : 
    alter table if exists applications 
       add constraint FKn9mqus0yf7icqcfp3ij691g78 
       foreign key (candidate_id) 
       references candidate_profile
2026-07-26T21:47:22.513+05:30 DEBUG 29896 --- [jobpulse-backend-test] [           main] org.hibernate.SQL                        : 
    alter table if exists applications 
       add constraint FK65weib1lru9dkrbto5pv389vi 
       foreign key (job_id) 
       references jobs
2026-07-26T21:47:22.514+05:30 DEBUG 29896 --- [jobpulse-backend-test] [           main] org.hibernate.SQL                        : 
    alter table if exists candidate_profile 
       add constraint FKdnxpt1u3e0cf9s72bklyrnlkd 
       foreign key (user_id) 
       references users
2026-07-26T21:47:22.515+05:30 DEBUG 29896 --- [jobpulse-backend-test] [           main] org.hibernate.SQL                        : 
    alter table if exists candidate_skills 
       add constraint FK2fcvgl75ge1wjul9sq4e6aww3 
       foreign key (skill_id) 
       references skills
2026-07-26T21:47:22.516+05:30 DEBUG 29896 --- [jobpulse-backend-test] [           main] org.hibernate.SQL                        : 
    alter table if exists candidate_skills 
       add constraint FK5bguhvkqdfv6458gyiqtlg6u0 
       foreign key (candidate_id) 
       references candidate_profile
2026-07-26T21:47:22.517+05:30 DEBUG 29896 --- [jobpulse-backend-test] [           main] org.hibernate.SQL                        : 
    alter table if exists job_skills 
       add constraint FKe10ho7um0atjm67b9dgokmfyx 
       foreign key (skill_id) 
       references skills
2026-07-26T21:47:22.517+05:30 DEBUG 29896 --- [jobpulse-backend-test] [           main] org.hibernate.SQL                        : 
    alter table if exists job_skills 
       add constraint FK1gb74tysr9vkypwivvvovxq1f 
       foreign key (job_id) 
       references jobs
2026-07-26T21:47:22.520+05:30 DEBUG 29896 --- [jobpulse-backend-test] [           main] org.hibernate.SQL                        : 
    alter table if exists jobs 
       add constraint FKrtmqcrktb6s7xq8djbs2a2war 
       foreign key (company_id) 
       references companies
2026-07-26T21:47:22.527+05:30  INFO 29896 --- [jobpulse-backend-test] [           main] j.LocalContainerEntityManagerFactoryBean : Initialized JPA EntityManagerFactory for persistence unit 'default'
2026-07-26T21:47:23.210+05:30  INFO 29896 --- [jobpulse-backend-test] [           main] o.s.d.j.r.query.QueryEnhancerFactory     : Hibernate is in classpath; If applicable, HQL parser will be used.
2026-07-26T21:47:24.292+05:30  INFO 29896 --- [jobpulse-backend-test] [           main] eAuthenticationProviderManagerConfigurer : Global AuthenticationManager configured with AuthenticationProvider bean with name authenticationProvider
2026-07-26T21:47:24.294+05:30  WARN 29896 --- [jobpulse-backend-test] [           main] r$InitializeUserDetailsManagerConfigurer : Global AuthenticationManager configured with an AuthenticationProvider bean. UserDetailsService beans will not be used for username/password login. Consider removing the AuthenticationProvider bean. Alternatively, consider using the UserDetailsService in a manually instantiated DaoAuthenticationProvider.
2026-07-26T21:47:24.591+05:30  WARN 29896 --- [jobpulse-backend-test] [           main] JpaBaseConfiguration$JpaWebConfiguration : spring.jpa.open-in-view is enabled by default. Therefore, database queries may be performed during view rendering. Explicitly configure spring.jpa.open-in-view to disable this warning
2026-07-26T21:47:26.195+05:30 DEBUG 29896 --- [jobpulse-backend-test] [           main] c.j.security.JwtAuthenticationFilter     : Filter 'jwtAuthenticationFilter' configured for use
2026-07-26T21:47:26.197+05:30  INFO 29896 --- [jobpulse-backend-test] [           main] o.s.b.t.m.w.SpringBootMockServletContext : Initializing Spring TestDispatcherServlet ''
2026-07-26T21:47:26.198+05:30  INFO 29896 --- [jobpulse-backend-test] [           main] o.s.t.web.servlet.TestDispatcherServlet  : Initializing Servlet ''
2026-07-26T21:47:26.200+05:30  INFO 29896 --- [jobpulse-backend-test] [           main] o.s.t.web.servlet.TestDispatcherServlet  : Completed initialization in 1 ms
2026-07-26T21:47:26.247+05:30  INFO 29896 --- [jobpulse-backend-test] [           main] com.jobpulse.JobPulseIntegrationTest     : Started JobPulseIntegrationTest in 11.025 seconds (process running for 17.087)
2026-07-26T21:47:26.875+05:30 DEBUG 29896 --- [jobpulse-backend-test] [           main] org.hibernate.SQL                        : 
    select
        u1_0.id 
    from
        users u1_0 
    where
        u1_0.email=? 
    fetch
        first ? rows only
2026-07-26T21:47:27.156+05:30 DEBUG 29896 --- [jobpulse-backend-test] [           main] org.hibernate.SQL                        : 
    insert 
    into
        users
        (created_at, email, name, password, role, id) 
    values
        (?, ?, ?, ?, ?, default)
2026-07-26T21:47:27.199+05:30  INFO 29896 --- [jobpulse-backend-test] [           main] com.jobpulse.auth.service.AuthService    : User registered successfully. ID: 1, Email: john@recruiter.com, Role: RECRUITER
2026-07-26T21:47:27.248+05:30 DEBUG 29896 --- [jobpulse-backend-test] [           main] org.hibernate.SQL                        : 
    select
        c1_0.id,
        c1_0.name,
        c1_0.website 
    from
        companies c1_0 
    where
        c1_0.name=?
2026-07-26T21:47:27.251+05:30 DEBUG 29896 --- [jobpulse-backend-test] [           main] org.hibernate.SQL                        : 
    insert 
    into
        companies
        (name, website, id) 
    values
        (?, ?, default)
2026-07-26T21:47:27.253+05:30  INFO 29896 --- [jobpulse-backend-test] [           main] com.jobpulse.auth.service.AuthService    : Recruiter associated with company: ID=1, Name=Acme Tech
2026-07-26T21:47:27.381+05:30 DEBUG 29896 --- [jobpulse-backend-test] [           main] org.hibernate.SQL                        : 
    select
        u1_0.id,
        u1_0.created_at,
        u1_0.email,
        u1_0.name,
        u1_0.password,
        u1_0.role 
    from
        users u1_0 
    where
        u1_0.email=?
2026-07-26T21:47:27.650+05:30  INFO 29896 --- [jobpulse-backend-test] [           main] com.jobpulse.security.JwtTokenProvider   : JWT token successfully issued for user: john@recruiter.com
2026-07-26T21:47:27.815+05:30 DEBUG 29896 --- [jobpulse-backend-test] [           main] org.hibernate.SQL                        : 
    select
        u1_0.id,
        u1_0.created_at,
        u1_0.email,
        u1_0.name,
        u1_0.password,
        u1_0.role 
    from
        users u1_0 
    where
        u1_0.email=?
2026-07-26T21:47:27.866+05:30 DEBUG 29896 --- [jobpulse-backend-test] [           main] org.hibernate.SQL                        : 
    select
        u1_0.id,
        u1_0.created_at,
        u1_0.email,
        u1_0.name,
        u1_0.password,
        u1_0.role 
    from
        users u1_0 
    where
        u1_0.email=?
2026-07-26T21:47:27.883+05:30 DEBUG 29896 --- [jobpulse-backend-test] [           main] org.hibernate.SQL                        : 
    select
        c1_0.id,
        c1_0.name,
        c1_0.website 
    from
        companies c1_0 
    where
        c1_0.id=?
2026-07-26T21:47:27.900+05:30 DEBUG 29896 --- [jobpulse-backend-test] [           main] org.hibernate.SQL                        : 
    select
        s1_0.id,
        s1_0.name 
    from
        skills s1_0 
    where
        upper(s1_0.name)=upper(?)
2026-07-26T21:47:27.900+05:30 DEBUG 29896 --- [jobpulse-backend-test] [           main] org.hibernate.SQL                        : 
    insert 
    into
        skills
        (name, id) 
    values
        (?, default)
2026-07-26T21:47:27.900+05:30 DEBUG 29896 --- [jobpulse-backend-test] [           main] org.hibernate.SQL                        : 
    select
        s1_0.id,
        s1_0.name 
    from
        skills s1_0 
    where
        upper(s1_0.name)=upper(?)
2026-07-26T21:47:27.900+05:30 DEBUG 29896 --- [jobpulse-backend-test] [           main] org.hibernate.SQL                        : 
    insert 
    into
        skills
        (name, id) 
    values
        (?, default)
2026-07-26T21:47:27.900+05:30 DEBUG 29896 --- [jobpulse-backend-test] [           main] org.hibernate.SQL                        : 
    select
        s1_0.id,
        s1_0.name 
    from
        skills s1_0 
    where
        upper(s1_0.name)=upper(?)
2026-07-26T21:47:27.900+05:30 DEBUG 29896 --- [jobpulse-backend-test] [           main] org.hibernate.SQL                        : 
    insert 
    into
        skills
        (name, id) 
    values
        (?, default)
2026-07-26T21:47:27.932+05:30 DEBUG 29896 --- [jobpulse-backend-test] [           main] org.hibernate.SQL                        : 
    insert 
    into
        jobs
        (company_id, created_at, description, experience, location, salary, status, title, id) 
    values
        (?, ?, ?, ?, ?, ?, ?, ?, default)
2026-07-26T21:47:27.936+05:30  INFO 29896 --- [jobpulse-backend-test] [           main] com.jobpulse.job.service.JobService      : Job created successfully: ID=1, Title=Senior Java Engineer, Company=Acme Tech
2026-07-26T21:47:27.969+05:30 DEBUG 29896 --- [jobpulse-backend-test] [           main] org.hibernate.SQL                        : 
    insert 
    into
        job_skills
        (job_id, skill_id) 
    values
        (?, ?)
2026-07-26T21:47:27.970+05:30 DEBUG 29896 --- [jobpulse-backend-test] [           main] org.hibernate.SQL                        : 
    insert 
    into
        job_skills
        (job_id, skill_id) 
    values
        (?, ?)
2026-07-26T21:47:27.970+05:30 DEBUG 29896 --- [jobpulse-backend-test] [           main] org.hibernate.SQL                        : 
    insert 
    into
        job_skills
        (job_id, skill_id) 
    values
        (?, ?)
2026-07-26T21:47:28.104+05:30 DEBUG 29896 --- [jobpulse-backend-test] [           main] org.hibernate.SQL                        : 
    select
        u1_0.id 
    from
        users u1_0 
    where
        u1_0.email=? 
    fetch
        first ? rows only
2026-07-26T21:47:28.198+05:30 DEBUG 29896 --- [jobpulse-backend-test] [           main] org.hibernate.SQL                        : 
    insert 
    into
        users
        (created_at, email, name, password, role, id) 
    values
        (?, ?, ?, ?, ?, default)
2026-07-26T21:47:28.198+05:30  INFO 29896 --- [jobpulse-backend-test] [           main] com.jobpulse.auth.service.AuthService    : User registered successfully. ID: 2, Email: alice@test.com, Role: CANDIDATE
2026-07-26T21:47:28.205+05:30 DEBUG 29896 --- [jobpulse-backend-test] [           main] org.hibernate.SQL                        : 
    select
        s1_0.id,
        s1_0.name 
    from
        skills s1_0 
    where
        upper(s1_0.name)=upper(?)
2026-07-26T21:47:28.205+05:30 DEBUG 29896 --- [jobpulse-backend-test] [           main] org.hibernate.SQL                        : 
    select
        s1_0.id,
        s1_0.name 
    from
        skills s1_0 
    where
        upper(s1_0.name)=upper(?)
2026-07-26T21:47:28.205+05:30 DEBUG 29896 --- [jobpulse-backend-test] [           main] org.hibernate.SQL                        : 
    select
        s1_0.id,
        s1_0.name 
    from
        skills s1_0 
    where
        upper(s1_0.name)=upper(?)
2026-07-26T21:47:28.205+05:30 DEBUG 29896 --- [jobpulse-backend-test] [           main] org.hibernate.SQL                        : 
    insert 
    into
        candidate_profile
        (experience, location, resume_url, user_id, id) 
    values
        (?, ?, ?, ?, default)
2026-07-26T21:47:28.205+05:30  INFO 29896 --- [jobpulse-backend-test] [           main] com.jobpulse.auth.service.AuthService    : Candidate profile created for User ID: 2
2026-07-26T21:47:28.214+05:30 DEBUG 29896 --- [jobpulse-backend-test] [           main] org.hibernate.SQL                        : 
    select
        u1_0.id,
        u1_0.created_at,
        u1_0.email,
        u1_0.name,
        u1_0.password,
        u1_0.role 
    from
        users u1_0 
    where
        u1_0.email=?
2026-07-26T21:47:28.312+05:30  INFO 29896 --- [jobpulse-backend-test] [           main] com.jobpulse.security.JwtTokenProvider   : JWT token successfully issued for user: alice@test.com
2026-07-26T21:47:28.313+05:30 DEBUG 29896 --- [jobpulse-backend-test] [           main] org.hibernate.SQL                        : 
    insert 
    into
        candidate_skills
        (candidate_id, skill_id) 
    values
        (?, ?)
2026-07-26T21:47:28.314+05:30 DEBUG 29896 --- [jobpulse-backend-test] [           main] org.hibernate.SQL                        : 
    insert 
    into
        candidate_skills
        (candidate_id, skill_id) 
    values
        (?, ?)
2026-07-26T21:47:28.314+05:30 DEBUG 29896 --- [jobpulse-backend-test] [           main] org.hibernate.SQL                        : 
    insert 
    into
        candidate_skills
        (candidate_id, skill_id) 
    values
        (?, ?)
2026-07-26T21:47:28.314+05:30 DEBUG 29896 --- [jobpulse-backend-test] [           main] org.hibernate.SQL                        : 
    select
        u1_0.id 
    from
        users u1_0 
    where
        u1_0.email=? 
    fetch
        first ? rows only
2026-07-26T21:47:28.420+05:30 DEBUG 29896 --- [jobpulse-backend-test] [           main] org.hibernate.SQL                        : 
    insert 
    into
        users
        (created_at, email, name, password, role, id) 
    values
        (?, ?, ?, ?, ?, default)
2026-07-26T21:47:28.421+05:30  INFO 29896 --- [jobpulse-backend-test] [           main] com.jobpulse.auth.service.AuthService    : User registered successfully. ID: 3, Email: bob@test.com, Role: CANDIDATE
2026-07-26T21:47:28.424+05:30 DEBUG 29896 --- [jobpulse-backend-test] [           main] org.hibernate.SQL                        : 
    select
        s1_0.id,
        s1_0.name 
    from
        skills s1_0 
    where
        upper(s1_0.name)=upper(?)
2026-07-26T21:47:28.426+05:30 DEBUG 29896 --- [jobpulse-backend-test] [           main] org.hibernate.SQL                        : 
    insert 
    into
        candidate_profile
        (experience, location, resume_url, user_id, id) 
    values
        (?, ?, ?, ?, default)
2026-07-26T21:47:28.427+05:30  INFO 29896 --- [jobpulse-backend-test] [           main] com.jobpulse.auth.service.AuthService    : Candidate profile created for User ID: 3
2026-07-26T21:47:28.430+05:30 DEBUG 29896 --- [jobpulse-backend-test] [           main] org.hibernate.SQL                        : 
    select
        u1_0.id,
        u1_0.created_at,
        u1_0.email,
        u1_0.name,
        u1_0.password,
        u1_0.role 
    from
        users u1_0 
    where
        u1_0.email=?
2026-07-26T21:47:28.523+05:30  INFO 29896 --- [jobpulse-backend-test] [           main] com.jobpulse.security.JwtTokenProvider   : JWT token successfully issued for user: bob@test.com
2026-07-26T21:47:28.523+05:30 DEBUG 29896 --- [jobpulse-backend-test] [           main] org.hibernate.SQL                        : 
    insert 
    into
        candidate_skills
        (candidate_id, skill_id) 
    values
        (?, ?)
2026-07-26T21:47:28.535+05:30 DEBUG 29896 --- [jobpulse-backend-test] [           main] org.hibernate.SQL                        : 
    select
        u1_0.id,
        u1_0.created_at,
        u1_0.email,
        u1_0.name,
        u1_0.password,
        u1_0.role 
    from
        users u1_0 
    where
        u1_0.email=?
2026-07-26T21:47:28.543+05:30 DEBUG 29896 --- [jobpulse-backend-test] [           main] org.hibernate.SQL                        : 
    select
        j1_0.id,
        j1_0.company_id,
        j1_0.created_at,
        j1_0.description,
        j1_0.experience,
        j1_0.location,
        j1_0.salary,
        j1_0.status,
        j1_0.title 
    from
        jobs j1_0 
    where
        j1_0.id=?
2026-07-26T21:47:28.564+05:30 DEBUG 29896 --- [jobpulse-backend-test] [           main] org.hibernate.SQL                        : 
    select
        cp1_0.id,
        cp1_0.experience,
        cp1_0.location,
        cp1_0.resume_url,
        cp1_0.user_id 
    from
        candidate_profile cp1_0 
    join
        users u1_0 
            on u1_0.id=cp1_0.user_id 
    where
        u1_0.email=?
2026-07-26T21:47:28.581+05:30 DEBUG 29896 --- [jobpulse-backend-test] [           main] org.hibernate.SQL                        : 
    select
        a1_0.id 
    from
        applications a1_0 
    where
        a1_0.job_id=? 
        and a1_0.candidate_id=? 
    fetch
        first ? rows only
2026-07-26T21:47:28.583+05:30 DEBUG 29896 --- [jobpulse-backend-test] [           main] org.hibernate.SQL                        : 
    select
        rs1_0.job_id,
        rs1_1.id,
        rs1_1.name 
    from
        job_skills rs1_0 
    join
        skills rs1_1 
            on rs1_1.id=rs1_0.skill_id 
    where
        rs1_0.job_id=?
2026-07-26T21:47:28.601+05:30 DEBUG 29896 --- [jobpulse-backend-test] [           main] org.hibernate.SQL                        : 
    select
        s1_0.candidate_id,
        s1_1.id,
        s1_1.name 
    from
        candidate_skills s1_0 
    join
        skills s1_1 
            on s1_1.id=s1_0.skill_id 
    where
        s1_0.candidate_id=?
2026-07-26T21:47:28.603+05:30  INFO 29896 --- [jobpulse-backend-test] [           main] c.j.a.service.AtsScoringService          : ATS Calculation - Matched: 3 / Required: 3 -> Score: 100.0%
2026-07-26T21:47:28.609+05:30 DEBUG 29896 --- [jobpulse-backend-test] [           main] org.hibernate.SQL                        : 
    insert 
    into
        applications
        (applied_at, ats_score, candidate_id, job_id, status, id) 
    values
        (?, ?, ?, ?, ?, default)
2026-07-26T21:47:28.610+05:30  INFO 29896 --- [jobpulse-backend-test] [           main] c.j.a.service.ApplicationService         : Application submitted - Application ID: 1, Job ID: 1, Candidate Email: alice@test.com, ATS Score: 100.0%
2026-07-26T21:47:28.610+05:30 DEBUG 29896 --- [jobpulse-backend-test] [           main] org.hibernate.SQL                        : 
    select
        c1_0.id,
        c1_0.name,
        c1_0.website 
    from
        companies c1_0 
    where
        c1_0.id=?
2026-07-26T21:47:28.616+05:30 DEBUG 29896 --- [jobpulse-backend-test] [           main] org.hibernate.SQL                        : 
    select
        u1_0.id,
        u1_0.created_at,
        u1_0.email,
        u1_0.name,
        u1_0.password,
        u1_0.role 
    from
        users u1_0 
    where
        u1_0.id=?
2026-07-26T21:47:28.631+05:30 DEBUG 29896 --- [jobpulse-backend-test] [           main] org.hibernate.SQL                        : 
    select
        u1_0.id,
        u1_0.created_at,
        u1_0.email,
        u1_0.name,
        u1_0.password,
        u1_0.role 
    from
        users u1_0 
    where
        u1_0.email=?
2026-07-26T21:47:28.631+05:30 DEBUG 29896 --- [jobpulse-backend-test] [           main] org.hibernate.SQL                        : 
    select
        j1_0.id,
        j1_0.company_id,
        j1_0.created_at,
        j1_0.description,
        j1_0.experience,
        j1_0.location,
        j1_0.salary,
        j1_0.status,
        j1_0.title 
    from
        jobs j1_0 
    where
        j1_0.id=?
2026-07-26T21:47:28.631+05:30 DEBUG 29896 --- [jobpulse-backend-test] [           main] org.hibernate.SQL                        : 
    select
        cp1_0.id,
        cp1_0.experience,
        cp1_0.location,
        cp1_0.resume_url,
        cp1_0.user_id 
    from
        candidate_profile cp1_0 
    join
        users u1_0 
            on u1_0.id=cp1_0.user_id 
    where
        u1_0.email=?
2026-07-26T21:47:28.647+05:30 DEBUG 29896 --- [jobpulse-backend-test] [           main] org.hibernate.SQL                        : 
    select
        a1_0.id 
    from
        applications a1_0 
    where
        a1_0.job_id=? 
        and a1_0.candidate_id=? 
    fetch
        first ? rows only
2026-07-26T21:47:28.647+05:30 DEBUG 29896 --- [jobpulse-backend-test] [           main] org.hibernate.SQL                        : 
    select
        rs1_0.job_id,
        rs1_1.id,
        rs1_1.name 
    from
        job_skills rs1_0 
    join
        skills rs1_1 
            on rs1_1.id=rs1_0.skill_id 
    where
        rs1_0.job_id=?
2026-07-26T21:47:28.647+05:30 DEBUG 29896 --- [jobpulse-backend-test] [           main] org.hibernate.SQL                        : 
    select
        s1_0.candidate_id,
        s1_1.id,
        s1_1.name 
    from
        candidate_skills s1_0 
    join
        skills s1_1 
            on s1_1.id=s1_0.skill_id 
    where
        s1_0.candidate_id=?
2026-07-26T21:47:28.647+05:30  INFO 29896 --- [jobpulse-backend-test] [           main] c.j.a.service.AtsScoringService          : ATS Calculation - Matched: 1 / Required: 3 -> Score: 33.33%
2026-07-26T21:47:28.647+05:30 DEBUG 29896 --- [jobpulse-backend-test] [           main] org.hibernate.SQL                        : 
    insert 
    into
        applications
        (applied_at, ats_score, candidate_id, job_id, status, id) 
    values
        (?, ?, ?, ?, ?, default)
2026-07-26T21:47:28.647+05:30  INFO 29896 --- [jobpulse-backend-test] [           main] c.j.a.service.ApplicationService         : Application submitted - Application ID: 2, Job ID: 1, Candidate Email: bob@test.com, ATS Score: 33.33%
2026-07-26T21:47:28.647+05:30 DEBUG 29896 --- [jobpulse-backend-test] [           main] org.hibernate.SQL                        : 
    select
        c1_0.id,
        c1_0.name,
        c1_0.website 
    from
        companies c1_0 
    where
        c1_0.id=?
2026-07-26T21:47:28.647+05:30 DEBUG 29896 --- [jobpulse-backend-test] [           main] org.hibernate.SQL                        : 
    select
        u1_0.id,
        u1_0.created_at,
        u1_0.email,
        u1_0.name,
        u1_0.password,
        u1_0.role 
    from
        users u1_0 
    where
        u1_0.id=?
2026-07-26T21:47:28.664+05:30 DEBUG 29896 --- [jobpulse-backend-test] [           main] org.hibernate.SQL                        : 
    select
        u1_0.id,
        u1_0.created_at,
        u1_0.email,
        u1_0.name,
        u1_0.password,
        u1_0.role 
    from
        users u1_0 
    where
        u1_0.email=?
2026-07-26T21:47:28.664+05:30 DEBUG 29896 --- [jobpulse-backend-test] [           main] org.hibernate.SQL                        : 
    select
        j1_0.id,
        j1_0.company_id,
        j1_0.created_at,
        j1_0.description,
        j1_0.experience,
        j1_0.location,
        j1_0.salary,
        j1_0.status,
        j1_0.title 
    from
        jobs j1_0 
    where
        j1_0.id=?
2026-07-26T21:47:28.664+05:30 DEBUG 29896 --- [jobpulse-backend-test] [           main] org.hibernate.SQL                        : 
    select
        cp1_0.id,
        cp1_0.experience,
        cp1_0.location,
        cp1_0.resume_url,
        cp1_0.user_id 
    from
        candidate_profile cp1_0 
    join
        users u1_0 
            on u1_0.id=cp1_0.user_id 
    where
        u1_0.email=?
2026-07-26T21:47:28.664+05:30 DEBUG 29896 --- [jobpulse-backend-test] [           main] org.hibernate.SQL                        : 
    select
        a1_0.id 
    from
        applications a1_0 
    where
        a1_0.job_id=? 
        and a1_0.candidate_id=? 
    fetch
        first ? rows only
2026-07-26T21:47:28.680+05:30 ERROR 29896 --- [jobpulse-backend-test] [           main] c.j.exception.GlobalExceptionHandler     : Duplicate application exception: Candidate cannot apply twice for the same job
2026-07-26T21:47:28.681+05:30 DEBUG 29896 --- [jobpulse-backend-test] [           main] org.hibernate.SQL                        : 
    select
        u1_0.id,
        u1_0.created_at,
        u1_0.email,
        u1_0.name,
        u1_0.password,
        u1_0.role 
    from
        users u1_0 
    where
        u1_0.email=?
2026-07-26T21:47:28.731+05:30 DEBUG 29896 --- [jobpulse-backend-test] [           main] org.hibernate.SQL                        : 
    select
        count(*) 
    from
        jobs j1_0 
    where
        j1_0.id=?
2026-07-26T21:47:28.787+05:30 DEBUG 29896 --- [jobpulse-backend-test] [           main] org.hibernate.SQL                        : 
    select
        a1_0.id,
        a1_0.applied_at,
        a1_0.ats_score,
        a1_0.candidate_id,
        c1_0.id,
        c1_0.experience,
        c1_0.location,
        c1_0.resume_url,
        c1_0.user_id,
        u1_0.id,
        u1_0.created_at,
        u1_0.email,
        u1_0.name,
        u1_0.password,
        u1_0.role,
        a1_0.job_id,
        j1_0.id,
        j1_0.company_id,
        j1_0.created_at,
        j1_0.description,
        j1_0.experience,
        j1_0.location,
        j1_0.salary,
        j1_0.status,
        j1_0.title,
        a1_0.status 
    from
        applications a1_0 
    join
        candidate_profile c1_0 
            on c1_0.id=a1_0.candidate_id 
    join
        users u1_0 
            on u1_0.id=c1_0.user_id 
    join
        jobs j1_0 
            on j1_0.id=a1_0.job_id 
    where
        a1_0.job_id=? 
    order by
        a1_0.ats_score desc
2026-07-26T21:47:28.788+05:30 DEBUG 29896 --- [jobpulse-backend-test] [           main] org.hibernate.SQL                        : 
    select
        c1_0.id,
        c1_0.name,
        c1_0.website 
    from
        companies c1_0 
    where
        c1_0.id=?
2026-07-26T21:47:28.788+05:30 DEBUG 29896 --- [jobpulse-backend-test] [           main] org.hibernate.SQL                        : 
    select
        rs1_0.job_id,
        rs1_1.id,
        rs1_1.name 
    from
        job_skills rs1_0 
    join
        skills rs1_1 
            on rs1_1.id=rs1_0.skill_id 
    where
        rs1_0.job_id=?
2026-07-26T21:47:28.797+05:30 DEBUG 29896 --- [jobpulse-backend-test] [           main] org.hibernate.SQL                        : 
    select
        s1_0.candidate_id,
        s1_1.id,
        s1_1.name 
    from
        candidate_skills s1_0 
    join
        skills s1_1 
            on s1_1.id=s1_0.skill_id 
    where
        s1_0.candidate_id=?
2026-07-26T21:47:28.800+05:30 DEBUG 29896 --- [jobpulse-backend-test] [           main] org.hibernate.SQL                        : 
    select
        s1_0.candidate_id,
        s1_1.id,
        s1_1.name 
    from
        candidate_skills s1_0 
    join
        skills s1_1 
            on s1_1.id=s1_0.skill_id 
    where
        s1_0.candidate_id=?
]]></system-out>
  </testcase>
</testsuite>